<?xml version="1.0" encoding="UTF-8"?>
<!-- Generated by org.testng.reporters.JUnitReportReporter -->
<testsuite hostname="DESKTOP-LO132NP" failures="0" tests="1" name="covidTest.CovidcaseTest" time="11.318" errors="0" timestamp="2024-02-06T22:44:37 IST" skipped="0">
  <testcase classname="covidTest.CovidcaseTest" name="verifydropdown" time="11.318"/>
  <system-out/>
</testsuite> <!-- covidTest.CovidcaseTest -->
